<?xml version="1.0" encoding="UTF-8"?>
<coverage generated="1628542742802" clover="3.2.0">
  <project timestamp="1628542742802" name="All files">
    <metrics statements="19" coveredstatements="15" conditionals="4" coveredconditionals="4" methods="8" coveredmethods="6" elements="31" coveredelements="25" complexity="0" loc="19" ncloc="19" packages="4" files="7" classes="7"/>
    <package name="components.Button">
      <metrics statements="5" coveredstatements="5" conditionals="4" coveredconditionals="4" methods="3" coveredmethods="3"/>
      <file name="Button.tsx" path="D:\Users\PECEGE\Documents\Mobile Challange\desafio-mobile\src\components\Button\Button.tsx">
        <metrics statements="1" coveredstatements="1" conditionals="0" coveredconditionals="0" methods="1" coveredmethods="1"/>
        <line num="16" count="4" type="stmt"/>
      </file>
      <file name="styles.ts" path="D:\Users\PECEGE\Documents\Mobile Challange\desafio-mobile\src\components\Button\styles.ts">
        <metrics statements="4" coveredstatements="4" conditionals="4" coveredconditionals="4" methods="2" coveredmethods="2"/>
        <line num="15" count="2" type="stmt"/>
        <line num="22" count="4" type="cond" truecount="2" falsecount="0"/>
        <line num="25" count="2" type="stmt"/>
        <line num="26" count="4" type="cond" truecount="2" falsecount="0"/>
      </file>
    </package>
    <package name="components.MovieList">
      <metrics statements="2" coveredstatements="2" conditionals="0" coveredconditionals="0" methods="1" coveredmethods="1"/>
      <file name="MovieList.tsx" path="D:\Users\PECEGE\Documents\Mobile Challange\desafio-mobile\src\components\MovieList\MovieList.tsx">
        <metrics statements="1" coveredstatements="1" conditionals="0" coveredconditionals="0" methods="1" coveredmethods="1"/>
        <line num="8" count="1" type="stmt"/>
      </file>
      <file name="styles.ts" path="D:\Users\PECEGE\Documents\Mobile Challange\desafio-mobile\src\components\MovieList\styles.ts">
        <metrics statements="1" coveredstatements="1" conditionals="0" coveredconditionals="0" methods="0" coveredmethods="0"/>
        <line num="3" count="1" type="stmt"/>
      </file>
    </package>
    <package name="components.StatusBarLight">
      <metrics statements="1" coveredstatements="1" conditionals="0" coveredconditionals="0" methods="1" coveredmethods="1"/>
      <file name="StatusBarLight.tsx" path="D:\Users\PECEGE\Documents\Mobile Challange\desafio-mobile\src\components\StatusBarLight\StatusBarLight.tsx">
        <metrics statements="1" coveredstatements="1" conditionals="0" coveredconditionals="0" methods="1" coveredmethods="1"/>
        <line num="5" count="2" type="stmt"/>
      </file>
    </package>
    <package name="pages.Home">
      <metrics statements="11" coveredstatements="7" conditionals="0" coveredconditionals="0" methods="3" coveredmethods="1"/>
      <file name="Home.tsx" path="D:\Users\PECEGE\Documents\Mobile Challange\desafio-mobile\src\pages\Home\Home.tsx">
        <metrics statements="9" coveredstatements="5" conditionals="0" coveredconditionals="0" methods="3" coveredmethods="1"/>
        <line num="12" count="1" type="stmt"/>
        <line num="13" count="1" type="stmt"/>
        <line num="15" count="1" type="stmt"/>
        <line num="16" count="0" type="stmt"/>
        <line num="17" count="0" type="stmt"/>
        <line num="20" count="1" type="stmt"/>
        <line num="21" count="0" type="stmt"/>
        <line num="22" count="0" type="stmt"/>
        <line num="25" count="1" type="stmt"/>
      </file>
      <file name="styles.ts" path="D:\Users\PECEGE\Documents\Mobile Challange\desafio-mobile\src\pages\Home\styles.ts">
        <metrics statements="2" coveredstatements="2" conditionals="0" coveredconditionals="0" methods="0" coveredmethods="0"/>
        <line num="8" count="1" type="stmt"/>
        <line num="13" count="1" type="stmt"/>
      </file>
    </package>
  </project>
</coverage>
