{"D:\\Users\\PECEGE\\Documents\\Mobile Challange\\desafio-mobile\\src\\components\\Button\\Button.tsx": {"path":"D:\\Users\\PECEGE\\Documents\\Mobile Challange\\desafio-mobile\\src\\components\\Button\\Button.tsx","statementMap":{"0":{"start":{"line":16,"column":2},"end":{"line":27,"column":4}}},"fnMap":{"0":{"name":"Button","decl":{"start":{"line":15,"column":16},"end":{"line":15,"column":22}},"loc":{"start":{"line":15,"column":71},"end":{"line":28,"column":1}},"line":15}},"branchMap":{},"s":{"0":4},"f":{"0":4},"b":{},"_coverageSchema":"1a1c01bbd47fc00a2c39e90264f33305004495a9","hash":"0f9c5f48e62d64b9095a615b08e67c79863d3e6f"}
,"D:\\Users\\PECEGE\\Documents\\Mobile Challange\\desafio-mobile\\src\\components\\Button\\styles.ts": {"path":"D:\\Users\\PECEGE\\Documents\\Mobile Challange\\desafio-mobile\\src\\components\\Button\\styles.ts","statementMap":{"0":{"start":{"line":15,"column":25},"end":{"line":23,"column":1}},"1":{"start":{"line":22,"column":28},"end":{"line":22,"column":68}},"2":{"start":{"line":25,"column":26},"end":{"line":27,"column":1}},"3":{"start":{"line":26,"column":23},"end":{"line":26,"column":63}}},"fnMap":{"0":{"name":"(anonymous_0)","decl":{"start":{"line":22,"column":16},"end":{"line":22,"column":17}},"loc":{"start":{"line":22,"column":28},"end":{"line":22,"column":68}},"line":22},"1":{"name":"(anonymous_1)","decl":{"start":{"line":26,"column":11},"end":{"line":26,"column":12}},"loc":{"start":{"line":26,"column":23},"end":{"line":26,"column":63}},"line":26}},"branchMap":{"0":{"loc":{"start":{"line":22,"column":28},"end":{"line":22,"column":68}},"type":"cond-expr","locations":[{"start":{"line":22,"column":47},"end":{"line":22,"column":56}},{"start":{"line":22,"column":59},"end":{"line":22,"column":68}}],"line":22},"1":{"loc":{"start":{"line":26,"column":23},"end":{"line":26,"column":63}},"type":"cond-expr","locations":[{"start":{"line":26,"column":42},"end":{"line":26,"column":51}},{"start":{"line":26,"column":54},"end":{"line":26,"column":63}}],"line":26}},"s":{"0":2,"1":4,"2":2,"3":4},"f":{"0":4,"1":4},"b":{"0":[2,2],"1":[2,2]},"_coverageSchema":"1a1c01bbd47fc00a2c39e90264f33305004495a9","hash":"2eb46dba603cbdbf5da7d78f08b0f6060468dc67"}
,"D:\\Users\\PECEGE\\Documents\\Mobile Challange\\desafio-mobile\\src\\components\\MovieList\\MovieList.tsx": {"path":"D:\\Users\\PECEGE\\Documents\\Mobile Challange\\desafio-mobile\\src\\components\\MovieList\\MovieList.tsx","statementMap":{"0":{"start":{"line":8,"column":2},"end":{"line":10,"column":4}}},"fnMap":{"0":{"name":"MovieList","decl":{"start":{"line":7,"column":16},"end":{"line":7,"column":25}},"loc":{"start":{"line":7,"column":28},"end":{"line":11,"column":1}},"line":7}},"branchMap":{},"s":{"0":1},"f":{"0":1},"b":{},"_coverageSchema":"1a1c01bbd47fc00a2c39e90264f33305004495a9","hash":"9d6f4afc463ad4d2fc0ea0b77e530edcc9c64e12"}
,"D:\\Users\\PECEGE\\Documents\\Mobile Challange\\desafio-mobile\\src\\components\\MovieList\\styles.ts": {"path":"D:\\Users\\PECEGE\\Documents\\Mobile Challange\\desafio-mobile\\src\\components\\MovieList\\styles.ts","statementMap":{"0":{"start":{"line":3,"column":25},"end":{"line":5,"column":1}}},"fnMap":{},"branchMap":{},"s":{"0":1},"f":{},"b":{},"_coverageSchema":"1a1c01bbd47fc00a2c39e90264f33305004495a9","hash":"547b6302f833e4bddf4ddc7a311d6d4cdec3d694"}
,"D:\\Users\\PECEGE\\Documents\\Mobile Challange\\desafio-mobile\\src\\components\\StatusBarLight\\StatusBarLight.tsx": {"path":"D:\\Users\\PECEGE\\Documents\\Mobile Challange\\desafio-mobile\\src\\components\\StatusBarLight\\StatusBarLight.tsx","statementMap":{"0":{"start":{"line":5,"column":2},"end":{"line":11,"column":4}}},"fnMap":{"0":{"name":"StatusBarLight","decl":{"start":{"line":4,"column":16},"end":{"line":4,"column":30}},"loc":{"start":{"line":4,"column":33},"end":{"line":12,"column":1}},"line":4}},"branchMap":{},"s":{"0":2},"f":{"0":2},"b":{},"_coverageSchema":"1a1c01bbd47fc00a2c39e90264f33305004495a9","hash":"c21e7820d0d5a1f88958d472c5268c417cd5a19c"}
,"D:\\Users\\PECEGE\\Documents\\Mobile Challange\\desafio-mobile\\src\\pages\\Home\\Home.tsx": {"path":"D:\\Users\\PECEGE\\Documents\\Mobile Challange\\desafio-mobile\\src\\pages\\Home\\Home.tsx","statementMap":{"0":{"start":{"line":12,"column":32},"end":{"line":12,"column":47}},"1":{"start":{"line":13,"column":34},"end":{"line":13,"column":48}},"2":{"start":{"line":15,"column":30},"end":{"line":18,"column":3}},"3":{"start":{"line":16,"column":4},"end":{"line":16,"column":23}},"4":{"start":{"line":17,"column":4},"end":{"line":17,"column":21}},"5":{"start":{"line":20,"column":31},"end":{"line":23,"column":3}},"6":{"start":{"line":21,"column":4},"end":{"line":21,"column":22}},"7":{"start":{"line":22,"column":4},"end":{"line":22,"column":22}},"8":{"start":{"line":25,"column":2},"end":{"line":46,"column":4}}},"fnMap":{"0":{"name":"Home","decl":{"start":{"line":11,"column":24},"end":{"line":11,"column":28}},"loc":{"start":{"line":11,"column":31},"end":{"line":47,"column":1}},"line":11},"1":{"name":"(anonymous_1)","decl":{"start":{"line":15,"column":30},"end":{"line":15,"column":31}},"loc":{"start":{"line":15,"column":36},"end":{"line":18,"column":3}},"line":15},"2":{"name":"(anonymous_2)","decl":{"start":{"line":20,"column":31},"end":{"line":20,"column":32}},"loc":{"start":{"line":20,"column":37},"end":{"line":23,"column":3}},"line":20}},"branchMap":{},"s":{"0":1,"1":1,"2":1,"3":0,"4":0,"5":1,"6":0,"7":0,"8":1},"f":{"0":1,"1":0,"2":0},"b":{},"_coverageSchema":"1a1c01bbd47fc00a2c39e90264f33305004495a9","hash":"2ce5ed4fa0245a122c408891902b0b288f7afa3e"}
,"D:\\Users\\PECEGE\\Documents\\Mobile Challange\\desafio-mobile\\src\\pages\\Home\\styles.ts": {"path":"D:\\Users\\PECEGE\\Documents\\Mobile Challange\\desafio-mobile\\src\\pages\\Home\\styles.ts","statementMap":{"0":{"start":{"line":8,"column":25},"end":{"line":11,"column":1}},"1":{"start":{"line":13,"column":29},"end":{"line":18,"column":1}}},"fnMap":{},"branchMap":{},"s":{"0":1,"1":1},"f":{},"b":{},"_coverageSchema":"1a1c01bbd47fc00a2c39e90264f33305004495a9","hash":"aa98173381a5abde5f2ccc584f0a8da116e6c3ec"}
}
