TN:
SF:src\components\Button\Button.tsx
FN:15,Button
FNF:1
FNH:1
FNDA:4,Button
DA:16,4
LF:1
LH:1
BRF:0
BRH:0
end_of_record
TN:
SF:src\components\Button\styles.ts
FN:22,(anonymous_0)
FN:26,(anonymous_1)
FNF:2
FNH:2
FNDA:4,(anonymous_0)
FNDA:4,(anonymous_1)
DA:15,2
DA:22,4
DA:25,2
DA:26,4
LF:4
LH:4
BRDA:22,0,0,2
BRDA:22,0,1,2
BRDA:26,1,0,2
BRDA:26,1,1,2
BRF:4
BRH:4
end_of_record
TN:
SF:src\components\MovieList\MovieList.tsx
FN:7,MovieList
FNF:1
FNH:1
FNDA:1,MovieList
DA:8,1
LF:1
LH:1
BRF:0
BRH:0
end_of_record
TN:
SF:src\components\MovieList\styles.ts
FNF:0
FNH:0
DA:3,1
LF:1
LH:1
BRF:0
BRH:0
end_of_record
TN:
SF:src\components\StatusBarLight\StatusBarLight.tsx
FN:4,StatusBarLight
FNF:1
FNH:1
FNDA:2,StatusBarLight
DA:5,2
LF:1
LH:1
BRF:0
BRH:0
end_of_record
TN:
SF:src\pages\Home\Home.tsx
FN:11,Home
FN:15,(anonymous_1)
FN:20,(anonymous_2)
FNF:3
FNH:1
FNDA:1,Home
FNDA:0,(anonymous_1)
FNDA:0,(anonymous_2)
DA:12,1
DA:13,1
DA:15,1
DA:16,0
DA:17,0
DA:20,1
DA:21,0
DA:22,0
DA:25,1
LF:9
LH:5
BRF:0
BRH:0
end_of_record
TN:
SF:src\pages\Home\styles.ts
FNF:0
FNH:0
DA:8,1
DA:13,1
LF:2
LH:2
BRF:0
BRH:0
end_of_record
